<?xml version="1.0" encoding="UTF-8"?>
<coverage generated="1773598225691" clover="3.2.0">
  <project timestamp="1773598225691" name="All files">
    <metrics statements="66" coveredstatements="57" conditionals="56" coveredconditionals="51" methods="19" coveredmethods="11" elements="141" coveredelements="119" complexity="0" loc="66" ncloc="66" packages="3" files="5" classes="5"/>
    <package name=".claude.worktrees.agent-a797736e.src.lib">
      <metrics statements="2" coveredstatements="2" conditionals="4" coveredconditionals="4" methods="1" coveredmethods="1"/>
      <file name="apiError.ts" path="D:\src\aloevera-harmony-meet\.claude\worktrees\agent-a797736e\src\lib\apiError.ts">
        <metrics statements="2" coveredstatements="2" conditionals="4" coveredconditionals="4" methods="1" coveredmethods="1"/>
        <line num="6" count="5" type="cond" truecount="3" falsecount="0"/>
        <line num="9" count="5" type="stmt"/>
      </file>
    </package>
    <package name="src.lib">
      <metrics statements="8" coveredstatements="8" conditionals="4" coveredconditionals="4" methods="2" coveredmethods="2"/>
      <file name="apiError.ts" path="D:\src\aloevera-harmony-meet\src\lib\apiError.ts">
        <metrics statements="2" coveredstatements="2" conditionals="4" coveredconditionals="4" methods="1" coveredmethods="1"/>
        <line num="6" count="7" type="cond" truecount="3" falsecount="0"/>
        <line num="9" count="7" type="stmt"/>
      </file>
      <file name="utils.ts" path="D:\src\aloevera-harmony-meet\src\lib\utils.ts">
        <metrics statements="1" coveredstatements="1" conditionals="0" coveredconditionals="0" methods="1" coveredmethods="1"/>
        <line num="5" count="1938" type="stmt"/>
      </file>
      <file name="validators.ts" path="D:\src\aloevera-harmony-meet\src\lib\validators.ts">
        <metrics statements="5" coveredstatements="5" conditionals="0" coveredconditionals="0" methods="0" coveredmethods="0"/>
        <line num="3" count="2" type="stmt"/>
        <line num="8" count="2" type="stmt"/>
        <line num="28" count="2" type="stmt"/>
        <line num="39" count="2" type="stmt"/>
        <line num="47" count="2" type="stmt"/>
      </file>
    </package>
    <package name="src.pages">
      <metrics statements="56" coveredstatements="47" conditionals="48" coveredconditionals="43" methods="16" coveredmethods="8"/>
      <file name="Welcome.tsx" path="D:\src\aloevera-harmony-meet\src\pages\Welcome.tsx">
        <metrics statements="56" coveredstatements="47" conditionals="48" coveredconditionals="43" methods="16" coveredmethods="8"/>
        <line num="19" count="1" type="stmt"/>
        <line num="20" count="144" type="stmt"/>
        <line num="21" count="144" type="stmt"/>
        <line num="22" count="144" type="stmt"/>
        <line num="25" count="144" type="stmt"/>
        <line num="29" count="144" type="stmt"/>
        <line num="30" count="144" type="stmt"/>
        <line num="31" count="144" type="stmt"/>
        <line num="32" count="5" type="stmt"/>
        <line num="33" count="5" type="stmt"/>
        <line num="34" count="5" type="stmt"/>
        <line num="35" count="4" type="cond" truecount="2" falsecount="0"/>
        <line num="36" count="1" type="cond" truecount="1" falsecount="1"/>
        <line num="37" count="1" type="stmt"/>
        <line num="38" count="1" type="stmt"/>
        <line num="40" count="3" type="cond" truecount="1" falsecount="1"/>
        <line num="41" count="3" type="stmt"/>
        <line num="42" count="3" type="cond" truecount="1" falsecount="1"/>
        <line num="43" count="3" type="stmt"/>
        <line num="45" count="3" type="stmt"/>
        <line num="46" count="3" type="stmt"/>
        <line num="49" count="1" type="stmt"/>
        <line num="51" count="5" type="stmt"/>
        <line num="55" count="144" type="stmt"/>
        <line num="56" count="5" type="stmt"/>
        <line num="57" count="5" type="stmt"/>
        <line num="58" count="5" type="stmt"/>
        <line num="67" count="5" type="cond" truecount="2" falsecount="0"/>
        <line num="68" count="2" type="stmt"/>
        <line num="69" count="2" type="cond" truecount="2" falsecount="0"/>
        <line num="70" count="1" type="cond" truecount="1" falsecount="1"/>
        <line num="71" count="1" type="stmt"/>
        <line num="73" count="1" type="stmt"/>
        <line num="74" count="1" type="stmt"/>
        <line num="76" count="3" type="stmt"/>
        <line num="77" count="3" type="stmt"/>
        <line num="79" count="0" type="stmt"/>
        <line num="81" count="5" type="stmt"/>
        <line num="85" count="144" type="stmt"/>
        <line num="88" count="0" type="stmt"/>
        <line num="91" count="144" type="stmt"/>
        <line num="179" count="0" type="stmt"/>
        <line num="181" count="0" type="stmt"/>
        <line num="183" count="0" type="stmt"/>
        <line num="189" count="9" type="stmt"/>
        <line num="252" count="87" type="cond" truecount="2" falsecount="0"/>
        <line num="253" count="87" type="cond" truecount="2" falsecount="0"/>
        <line num="254" count="76" type="stmt"/>
        <line num="261" count="76" type="stmt"/>
        <line num="264" count="380" type="cond" truecount="2" falsecount="0"/>
        <line num="270" count="151" type="cond" truecount="2" falsecount="0"/>
        <line num="308" count="97" type="stmt"/>
        <line num="379" count="0" type="stmt"/>
        <line num="381" count="0" type="stmt"/>
        <line num="383" count="0" type="stmt"/>
        <line num="390" count="0" type="stmt"/>
      </file>
    </package>
  </project>
</coverage>
