{"D:\\src\\aloevera-harmony-meet\\.claude\\worktrees\\agent-a797736e\\src\\lib\\apiError.ts": {"path":"D:\\src\\aloevera-harmony-meet\\.claude\\worktrees\\agent-a797736e\\src\\lib\\apiError.ts","statementMap":{"0":{"start":{"line":6,"column":4},"end":{"line":8,"column":null}},"1":{"start":{"line":9,"column":2},"end":{"line":9,"column":null}}},"fnMap":{"0":{"name":"showApiError","decl":{"start":{"line":4,"column":16},"end":{"line":4,"column":29}},"loc":{"start":{"line":4,"column":76},"end":{"line":10,"column":null}},"line":4}},"branchMap":{"0":{"loc":{"start":{"line":4,"column":43},"end":{"line":4,"column":76}},"type":"default-arg","locations":[{"start":{"line":4,"column":54},"end":{"line":4,"column":76}}],"line":4},"1":{"loc":{"start":{"line":6,"column":4},"end":{"line":8,"column":null}},"type":"binary-expr","locations":[{"start":{"line":6,"column":4},"end":{"line":6,"column":null}},{"start":{"line":7,"column":5},"end":{"line":7,"column":45}},{"start":{"line":8,"column":4},"end":{"line":8,"column":null}}],"line":6}},"s":{"0":5,"1":5},"f":{"0":5},"b":{"0":[5],"1":[5,4,3]},"meta":{"lastBranch":2,"lastFunction":1,"lastStatement":2,"seen":{"f:4:16:4:29":0,"b:4:54:4:76":0,"s:6:4:8:Infinity":0,"b:6:4:6:Infinity:7:5:7:45:8:4:8:Infinity":1,"s:9:2:9:Infinity":1}}}
,"D:\\src\\aloevera-harmony-meet\\src\\lib\\apiError.ts": {"path":"D:\\src\\aloevera-harmony-meet\\src\\lib\\apiError.ts","statementMap":{"0":{"start":{"line":6,"column":4},"end":{"line":8,"column":null}},"1":{"start":{"line":9,"column":2},"end":{"line":9,"column":null}}},"fnMap":{"0":{"name":"showApiError","decl":{"start":{"line":4,"column":16},"end":{"line":4,"column":29}},"loc":{"start":{"line":4,"column":76},"end":{"line":10,"column":null}},"line":4}},"branchMap":{"0":{"loc":{"start":{"line":4,"column":43},"end":{"line":4,"column":76}},"type":"default-arg","locations":[{"start":{"line":4,"column":54},"end":{"line":4,"column":76}}],"line":4},"1":{"loc":{"start":{"line":6,"column":4},"end":{"line":8,"column":null}},"type":"binary-expr","locations":[{"start":{"line":6,"column":4},"end":{"line":6,"column":null}},{"start":{"line":7,"column":5},"end":{"line":7,"column":45}},{"start":{"line":8,"column":4},"end":{"line":8,"column":null}}],"line":6}},"s":{"0":7,"1":7},"f":{"0":7},"b":{"0":[7],"1":[7,5,3]},"meta":{"lastBranch":2,"lastFunction":1,"lastStatement":2,"seen":{"f:4:16:4:29":0,"b:4:54:4:76":0,"s:6:4:8:Infinity":0,"b:6:4:6:Infinity:7:5:7:45:8:4:8:Infinity":1,"s:9:2:9:Infinity":1}}}
,"D:\\src\\aloevera-harmony-meet\\src\\lib\\utils.ts": {"path":"D:\\src\\aloevera-harmony-meet\\src\\lib\\utils.ts","statementMap":{"0":{"start":{"line":5,"column":2},"end":{"line":5,"column":null}}},"fnMap":{"0":{"name":"cn","decl":{"start":{"line":4,"column":16},"end":{"line":4,"column":19}},"loc":{"start":{"line":4,"column":42},"end":{"line":6,"column":null}},"line":4}},"branchMap":{},"s":{"0":1938},"f":{"0":1938},"b":{},"meta":{"lastBranch":0,"lastFunction":1,"lastStatement":1,"seen":{"f:4:16:4:19":0,"s:5:2:5:Infinity":0}}}
,"D:\\src\\aloevera-harmony-meet\\src\\lib\\validators.ts": {"path":"D:\\src\\aloevera-harmony-meet\\src\\lib\\validators.ts","statementMap":{"0":{"start":{"line":3,"column":27},"end":{"line":6,"column":null}},"1":{"start":{"line":8,"column":30},"end":{"line":26,"column":null}},"2":{"start":{"line":28,"column":33},"end":{"line":37,"column":null}},"3":{"start":{"line":39,"column":29},"end":{"line":45,"column":null}},"4":{"start":{"line":47,"column":27},"end":{"line":53,"column":null}}},"fnMap":{},"branchMap":{},"s":{"0":2,"1":2,"2":2,"3":2,"4":2},"f":{},"b":{},"meta":{"lastBranch":0,"lastFunction":0,"lastStatement":5,"seen":{"s:3:27:6:Infinity":0,"s:8:30:26:Infinity":1,"s:28:33:37:Infinity":2,"s:39:29:45:Infinity":3,"s:47:27:53:Infinity":4}}}
,"D:\\src\\aloevera-harmony-meet\\src\\pages\\Welcome.tsx": {"path":"D:\\src\\aloevera-harmony-meet\\src\\pages\\Welcome.tsx","statementMap":{"0":{"start":{"line":19,"column":16},"end":{"line":411,"column":null}},"1":{"start":{"line":20,"column":8},"end":{"line":20,"column":null}},"2":{"start":{"line":21,"column":13},"end":{"line":21,"column":null}},"3":{"start":{"line":22,"column":8},"end":{"line":24,"column":null}},"4":{"start":{"line":25,"column":8},"end":{"line":28,"column":null}},"5":{"start":{"line":29,"column":39},"end":{"line":29,"column":null}},"6":{"start":{"line":30,"column":33},"end":{"line":30,"column":null}},"7":{"start":{"line":31,"column":22},"end":{"line":53,"column":null}},"8":{"start":{"line":32,"column":4},"end":{"line":32,"column":null}},"9":{"start":{"line":33,"column":4},"end":{"line":52,"column":null}},"10":{"start":{"line":34,"column":23},"end":{"line":34,"column":null}},"11":{"start":{"line":35,"column":6},"end":{"line":39,"column":null}},"12":{"start":{"line":36,"column":24},"end":{"line":36,"column":null}},"13":{"start":{"line":37,"column":8},"end":{"line":37,"column":null}},"14":{"start":{"line":38,"column":8},"end":{"line":38,"column":null}},"15":{"start":{"line":40,"column":6},"end":{"line":47,"column":null}},"16":{"start":{"line":41,"column":8},"end":{"line":41,"column":null}},"17":{"start":{"line":42,"column":8},"end":{"line":44,"column":null}},"18":{"start":{"line":43,"column":10},"end":{"line":43,"column":null}},"19":{"start":{"line":45,"column":8},"end":{"line":45,"column":null}},"20":{"start":{"line":46,"column":8},"end":{"line":46,"column":null}},"21":{"start":{"line":49,"column":6},"end":{"line":49,"column":null}},"22":{"start":{"line":51,"column":6},"end":{"line":51,"column":null}},"23":{"start":{"line":55,"column":25},"end":{"line":83,"column":null}},"24":{"start":{"line":56,"column":4},"end":{"line":56,"column":null}},"25":{"start":{"line":57,"column":4},"end":{"line":82,"column":null}},"26":{"start":{"line":58,"column":23},"end":{"line":66,"column":null}},"27":{"start":{"line":67,"column":6},"end":{"line":75,"column":null}},"28":{"start":{"line":68,"column":23},"end":{"line":68,"column":46}},"29":{"start":{"line":69,"column":8},"end":{"line":72,"column":null}},"30":{"start":{"line":70,"column":10},"end":{"line":70,"column":null}},"31":{"start":{"line":71,"column":10},"end":{"line":71,"column":null}},"32":{"start":{"line":73,"column":8},"end":{"line":73,"column":null}},"33":{"start":{"line":74,"column":8},"end":{"line":74,"column":null}},"34":{"start":{"line":76,"column":6},"end":{"line":76,"column":null}},"35":{"start":{"line":77,"column":6},"end":{"line":77,"column":null}},"36":{"start":{"line":79,"column":6},"end":{"line":79,"column":null}},"37":{"start":{"line":81,"column":6},"end":{"line":81,"column":null}},"38":{"start":{"line":85,"column":27},"end":{"line":89,"column":null}},"39":{"start":{"line":88,"column":4},"end":{"line":88,"column":null}},"40":{"start":{"line":91,"column":2},"end":{"line":406,"column":null}},"41":{"start":{"line":179,"column":41},"end":{"line":179,"column":69}},"42":{"start":{"line":181,"column":41},"end":{"line":181,"column":71}},"43":{"start":{"line":183,"column":41},"end":{"line":183,"column":65}},"44":{"start":{"line":189,"column":39},"end":{"line":189,"column":null}},"45":{"start":{"line":252,"column":31},"end":{"line":252,"column":null}},"46":{"start":{"line":253,"column":20},"end":{"line":253,"column":null}},"47":{"start":{"line":253,"column":29},"end":{"line":253,"column":null}},"48":{"start":{"line":254,"column":34},"end":{"line":260,"column":null}},"49":{"start":{"line":261,"column":20},"end":{"line":272,"column":null}},"50":{"start":{"line":264,"column":26},"end":{"line":265,"column":41}},"51":{"start":{"line":270,"column":42},"end":{"line":270,"column":48}},"52":{"start":{"line":308,"column":40},"end":{"line":316,"column":null}},"53":{"start":{"line":379,"column":41},"end":{"line":379,"column":69}},"54":{"start":{"line":381,"column":41},"end":{"line":381,"column":71}},"55":{"start":{"line":383,"column":41},"end":{"line":383,"column":65}},"56":{"start":{"line":390,"column":33},"end":{"line":390,"column":null}}},"fnMap":{"0":{"name":"(anonymous_0)","decl":{"start":{"line":19,"column":16},"end":{"line":19,"column":null}},"loc":{"start":{"line":19,"column":16},"end":{"line":411,"column":null}},"line":19},"1":{"name":"(anonymous_1)","decl":{"start":{"line":31,"column":45},"end":{"line":31,"column":52}},"loc":{"start":{"line":31,"column":52},"end":{"line":53,"column":null}},"line":31},"2":{"name":"(anonymous_2)","decl":{"start":{"line":55,"column":51},"end":{"line":55,"column":58}},"loc":{"start":{"line":55,"column":58},"end":{"line":83,"column":null}},"line":55},"3":{"name":"(anonymous_3)","decl":{"start":{"line":85,"column":27},"end":{"line":85,"column":28}},"loc":{"start":{"line":85,"column":28},"end":{"line":89,"column":null}},"line":85},"4":{"name":"(anonymous_4)","decl":{"start":{"line":179,"column":35},"end":{"line":179,"column":41}},"loc":{"start":{"line":179,"column":41},"end":{"line":179,"column":69}},"line":179},"5":{"name":"(anonymous_5)","decl":{"start":{"line":181,"column":35},"end":{"line":181,"column":41}},"loc":{"start":{"line":181,"column":41},"end":{"line":181,"column":71}},"line":181},"6":{"name":"(anonymous_6)","decl":{"start":{"line":183,"column":35},"end":{"line":183,"column":41}},"loc":{"start":{"line":183,"column":41},"end":{"line":183,"column":65}},"line":183},"7":{"name":"(anonymous_7)","decl":{"start":{"line":189,"column":33},"end":{"line":189,"column":39}},"loc":{"start":{"line":189,"column":39},"end":{"line":189,"column":null}},"line":189},"8":{"name":"(anonymous_8)","decl":{"start":{"line":251,"column":20},"end":{"line":251,"column":null}},"loc":{"start":{"line":251,"column":20},"end":{"line":277,"column":null}},"line":251},"9":{"name":"(anonymous_9)","decl":{"start":{"line":263,"column":35},"end":{"line":263,"column":36}},"loc":{"start":{"line":264,"column":26},"end":{"line":265,"column":41}},"line":264},"10":{"name":"(anonymous_10)","decl":{"start":{"line":270,"column":37},"end":{"line":270,"column":42}},"loc":{"start":{"line":270,"column":42},"end":{"line":270,"column":48}},"line":270},"11":{"name":"(anonymous_11)","decl":{"start":{"line":308,"column":30},"end":{"line":308,"column":31}},"loc":{"start":{"line":308,"column":40},"end":{"line":316,"column":null}},"line":308},"12":{"name":"(anonymous_12)","decl":{"start":{"line":379,"column":35},"end":{"line":379,"column":41}},"loc":{"start":{"line":379,"column":41},"end":{"line":379,"column":69}},"line":379},"13":{"name":"(anonymous_13)","decl":{"start":{"line":381,"column":35},"end":{"line":381,"column":41}},"loc":{"start":{"line":381,"column":41},"end":{"line":381,"column":71}},"line":381},"14":{"name":"(anonymous_14)","decl":{"start":{"line":383,"column":35},"end":{"line":383,"column":41}},"loc":{"start":{"line":383,"column":41},"end":{"line":383,"column":65}},"line":383},"15":{"name":"(anonymous_15)","decl":{"start":{"line":390,"column":27},"end":{"line":390,"column":33}},"loc":{"start":{"line":390,"column":33},"end":{"line":390,"column":null}},"line":390}},"branchMap":{"0":{"loc":{"start":{"line":35,"column":6},"end":{"line":39,"column":null}},"type":"if","locations":[{"start":{"line":35,"column":6},"end":{"line":39,"column":null}},{"start":{},"end":{}}],"line":35},"1":{"loc":{"start":{"line":36,"column":24},"end":{"line":36,"column":null}},"type":"binary-expr","locations":[{"start":{"line":36,"column":24},"end":{"line":36,"column":60}},{"start":{"line":36,"column":60},"end":{"line":36,"column":null}}],"line":36},"2":{"loc":{"start":{"line":40,"column":6},"end":{"line":47,"column":null}},"type":"if","locations":[{"start":{"line":40,"column":6},"end":{"line":47,"column":null}},{"start":{},"end":{}}],"line":40},"3":{"loc":{"start":{"line":42,"column":8},"end":{"line":44,"column":null}},"type":"if","locations":[{"start":{"line":42,"column":8},"end":{"line":44,"column":null}},{"start":{},"end":{}}],"line":42},"4":{"loc":{"start":{"line":67,"column":6},"end":{"line":75,"column":null}},"type":"if","locations":[{"start":{"line":67,"column":6},"end":{"line":75,"column":null}},{"start":{},"end":{}}],"line":67},"5":{"loc":{"start":{"line":69,"column":8},"end":{"line":72,"column":null}},"type":"if","locations":[{"start":{"line":69,"column":8},"end":{"line":72,"column":null}},{"start":{},"end":{}}],"line":69},"6":{"loc":{"start":{"line":70,"column":52},"end":{"line":70,"column":95}},"type":"binary-expr","locations":[{"start":{"line":70,"column":52},"end":{"line":70,"column":66}},{"start":{"line":70,"column":70},"end":{"line":70,"column":95}}],"line":70},"7":{"loc":{"start":{"line":129,"column":11},"end":{"line":394,"column":null}},"type":"cond-expr","locations":[{"start":{"line":131,"column":12},"end":{"line":199,"column":null}},{"start":{"line":200,"column":12},"end":{"line":394,"column":null}}],"line":129},"8":{"loc":{"start":{"line":134,"column":15},"end":{"line":138,"column":null}},"type":"binary-expr","locations":[{"start":{"line":134,"column":15},"end":{"line":134,"column":46}},{"start":{"line":134,"column":46},"end":{"line":138,"column":null}}],"line":134},"9":{"loc":{"start":{"line":150,"column":19},"end":{"line":151,"column":null}},"type":"binary-expr","locations":[{"start":{"line":150,"column":19},"end":{"line":150,"column":51}},{"start":{"line":150,"column":51},"end":{"line":151,"column":null}}],"line":150},"10":{"loc":{"start":{"line":160,"column":19},"end":{"line":161,"column":null}},"type":"binary-expr","locations":[{"start":{"line":160,"column":19},"end":{"line":160,"column":54}},{"start":{"line":160,"column":54},"end":{"line":161,"column":null}}],"line":160},"11":{"loc":{"start":{"line":168,"column":19},"end":{"line":171,"column":null}},"type":"cond-expr","locations":[{"start":{"line":168,"column":19},"end":{"line":171,"column":22}},{"start":{"line":171,"column":20},"end":{"line":171,"column":null}}],"line":168},"12":{"loc":{"start":{"line":217,"column":19},"end":{"line":218,"column":null}},"type":"binary-expr","locations":[{"start":{"line":217,"column":19},"end":{"line":217,"column":54}},{"start":{"line":217,"column":54},"end":{"line":218,"column":null}}],"line":217},"13":{"loc":{"start":{"line":234,"column":19},"end":{"line":235,"column":null}},"type":"binary-expr","locations":[{"start":{"line":234,"column":19},"end":{"line":234,"column":53}},{"start":{"line":234,"column":53},"end":{"line":235,"column":null}}],"line":234},"14":{"loc":{"start":{"line":252,"column":31},"end":{"line":252,"column":null}},"type":"binary-expr","locations":[{"start":{"line":252,"column":31},"end":{"line":252,"column":65}},{"start":{"line":252,"column":65},"end":{"line":252,"column":null}}],"line":252},"15":{"loc":{"start":{"line":253,"column":20},"end":{"line":253,"column":null}},"type":"if","locations":[{"start":{"line":253,"column":20},"end":{"line":253,"column":null}},{"start":{},"end":{}}],"line":253},"16":{"loc":{"start":{"line":264,"column":26},"end":{"line":265,"column":41}},"type":"cond-expr","locations":[{"start":{"line":264,"column":35},"end":{"line":264,"column":null}},{"start":{"line":264,"column":35},"end":{"line":265,"column":41}}],"line":264},"17":{"loc":{"start":{"line":270,"column":25},"end":{"line":272,"column":null}},"type":"binary-expr","locations":[{"start":{"line":270,"column":25},"end":{"line":270,"column":null}},{"start":{"line":270,"column":48},"end":{"line":272,"column":null}}],"line":270},"18":{"loc":{"start":{"line":278,"column":19},"end":{"line":279,"column":null}},"type":"binary-expr","locations":[{"start":{"line":278,"column":19},"end":{"line":278,"column":57}},{"start":{"line":278,"column":57},"end":{"line":279,"column":null}}],"line":278},"19":{"loc":{"start":{"line":296,"column":21},"end":{"line":297,"column":null}},"type":"binary-expr","locations":[{"start":{"line":296,"column":21},"end":{"line":296,"column":54}},{"start":{"line":296,"column":54},"end":{"line":297,"column":null}}],"line":296},"20":{"loc":{"start":{"line":321,"column":21},"end":{"line":322,"column":null}},"type":"binary-expr","locations":[{"start":{"line":321,"column":21},"end":{"line":321,"column":57}},{"start":{"line":321,"column":57},"end":{"line":322,"column":null}}],"line":321},"21":{"loc":{"start":{"line":338,"column":19},"end":{"line":339,"column":null}},"type":"binary-expr","locations":[{"start":{"line":338,"column":19},"end":{"line":338,"column":57}},{"start":{"line":338,"column":57},"end":{"line":339,"column":null}}],"line":338},"22":{"loc":{"start":{"line":354,"column":19},"end":{"line":355,"column":null}},"type":"binary-expr","locations":[{"start":{"line":354,"column":19},"end":{"line":354,"column":52}},{"start":{"line":354,"column":52},"end":{"line":355,"column":null}}],"line":354},"23":{"loc":{"start":{"line":365,"column":19},"end":{"line":371,"column":null}},"type":"cond-expr","locations":[{"start":{"line":365,"column":19},"end":{"line":371,"column":22}},{"start":{"line":371,"column":20},"end":{"line":371,"column":null}}],"line":365}},"s":{"0":1,"1":144,"2":144,"3":144,"4":144,"5":144,"6":144,"7":144,"8":5,"9":5,"10":5,"11":4,"12":1,"13":1,"14":1,"15":3,"16":3,"17":3,"18":3,"19":3,"20":3,"21":1,"22":5,"23":144,"24":5,"25":5,"26":5,"27":5,"28":2,"29":2,"30":1,"31":1,"32":1,"33":1,"34":3,"35":3,"36":0,"37":5,"38":144,"39":0,"40":144,"41":0,"42":0,"43":0,"44":9,"45":87,"46":87,"47":11,"48":76,"49":76,"50":380,"51":151,"52":97,"53":0,"54":0,"55":0,"56":0},"f":{"0":144,"1":5,"2":5,"3":0,"4":0,"5":0,"6":0,"7":9,"8":87,"9":380,"10":151,"11":97,"12":0,"13":0,"14":0,"15":0},"b":{"0":[1,3],"1":[1,0],"2":[3,0],"3":[3,0],"4":[2,3],"5":[1,1],"6":[1,0],"7":[57,87],"8":[57,2],"9":[57,1],"10":[57,1],"11":[5,52],"12":[87,6],"13":[87,4],"14":[87,11],"15":[11,76],"16":[208,172],"17":[76,14],"18":[87,7],"19":[87,5],"20":[87,4],"21":[87,4],"22":[87,0],"23":[5,82]},"meta":{"lastBranch":24,"lastFunction":16,"lastStatement":57,"seen":{"s:19:16:411:Infinity":0,"f:19:16:19:Infinity":0,"s:20:8:20:Infinity":1,"s:21:13:21:Infinity":2,"s:22:8:24:Infinity":3,"s:25:8:28:Infinity":4,"s:29:39:29:Infinity":5,"s:30:33:30:Infinity":6,"s:31:22:53:Infinity":7,"f:31:45:31:52":1,"s:32:4:32:Infinity":8,"s:33:4:52:Infinity":9,"s:34:23:34:Infinity":10,"b:35:6:39:Infinity:undefined:undefined:undefined:undefined":0,"s:35:6:39:Infinity":11,"s:36:24:36:Infinity":12,"b:36:24:36:60:36:60:36:Infinity":1,"s:37:8:37:Infinity":13,"s:38:8:38:Infinity":14,"b:40:6:47:Infinity:undefined:undefined:undefined:undefined":2,"s:40:6:47:Infinity":15,"s:41:8:41:Infinity":16,"b:42:8:44:Infinity:undefined:undefined:undefined:undefined":3,"s:42:8:44:Infinity":17,"s:43:10:43:Infinity":18,"s:45:8:45:Infinity":19,"s:46:8:46:Infinity":20,"s:49:6:49:Infinity":21,"s:51:6:51:Infinity":22,"s:55:25:83:Infinity":23,"f:55:51:55:58":2,"s:56:4:56:Infinity":24,"s:57:4:82:Infinity":25,"s:58:23:66:Infinity":26,"b:67:6:75:Infinity:undefined:undefined:undefined:undefined":4,"s:67:6:75:Infinity":27,"s:68:23:68:46":28,"b:69:8:72:Infinity:undefined:undefined:undefined:undefined":5,"s:69:8:72:Infinity":29,"s:70:10:70:Infinity":30,"b:70:52:70:66:70:70:70:95":6,"s:71:10:71:Infinity":31,"s:73:8:73:Infinity":32,"s:74:8:74:Infinity":33,"s:76:6:76:Infinity":34,"s:77:6:77:Infinity":35,"s:79:6:79:Infinity":36,"s:81:6:81:Infinity":37,"s:85:27:89:Infinity":38,"f:85:27:85:28":3,"s:88:4:88:Infinity":39,"s:91:2:406:Infinity":40,"b:131:12:199:Infinity:200:12:394:Infinity":7,"b:134:15:134:46:134:46:138:Infinity":8,"b:150:19:150:51:150:51:151:Infinity":9,"b:160:19:160:54:160:54:161:Infinity":10,"b:168:19:171:22:171:20:171:Infinity":11,"f:179:35:179:41":4,"s:179:41:179:69":41,"f:181:35:181:41":5,"s:181:41:181:71":42,"f:183:35:183:41":6,"s:183:41:183:65":43,"f:189:33:189:39":7,"s:189:39:189:Infinity":44,"b:217:19:217:54:217:54:218:Infinity":12,"b:234:19:234:53:234:53:235:Infinity":13,"f:251:20:251:Infinity":8,"s:252:31:252:Infinity":45,"b:252:31:252:65:252:65:252:Infinity":14,"b:253:20:253:Infinity:undefined:undefined:undefined:undefined":15,"s:253:20:253:Infinity":46,"s:253:29:253:Infinity":47,"s:254:34:260:Infinity":48,"s:261:20:272:Infinity":49,"f:263:35:263:36":9,"s:264:26:265:41":50,"b:264:35:264:Infinity:264:35:265:41":16,"b:270:25:270:Infinity:270:48:272:Infinity":17,"f:270:37:270:42":10,"s:270:42:270:48":51,"b:278:19:278:57:278:57:279:Infinity":18,"b:296:21:296:54:296:54:297:Infinity":19,"f:308:30:308:31":11,"s:308:40:316:Infinity":52,"b:321:21:321:57:321:57:322:Infinity":20,"b:338:19:338:57:338:57:339:Infinity":21,"b:354:19:354:52:354:52:355:Infinity":22,"b:365:19:371:22:371:20:371:Infinity":23,"f:379:35:379:41":12,"s:379:41:379:69":53,"f:381:35:381:41":13,"s:381:41:381:71":54,"f:383:35:383:41":14,"s:383:41:383:65":55,"f:390:27:390:33":15,"s:390:33:390:Infinity":56}}}
}
